#! /usr/bin/vvp
:ivl_version "0.9.7 " "(v0_9_7)";
:vpi_time_precision + 0;
:vpi_module "system";
:vpi_module "v2005_math";
:vpi_module "va_math";
S_0xfd4920 .scope module, "register_tb" "register_tb" 2 16;
 .timescale 0 0;
v0xfe8290_0 .var "clk", 0 0;
v0xfe8330_0 .var "en", 0 0;
v0xfe83e0_0 .var "in", 7 0;
v0xfe8490_0 .net "out", 7 0, v0xfe81b0_0; 1 drivers
v0xfe8570_0 .var "reset", 0 0;
S_0xfd4a10 .scope module, "dut" "register" 2 24, 2 1, S_0xfd4920;
 .timescale 0 0;
v0xfb0400_0 .net "clk", 0 0, v0xfe8290_0; 1 drivers
v0xfe7f20_0 .net "en", 0 0, v0xfe8330_0; 1 drivers
v0xfe7fc0_0 .net "in", 7 0, v0xfe83e0_0; 1 drivers
v0xfe8060_0 .alias "out", 7 0, v0xfe8490_0;
v0xfe8110_0 .net "reset", 0 0, v0xfe8570_0; 1 drivers
v0xfe81b0_0 .var "value", 7 0;
E_0xfd3410 .event posedge, v0xfe8110_0, v0xfb0400_0;
    .scope S_0xfd4a10;
T_0 ;
    %set/v v0xfe81b0_0, 0, 8;
    %end;
    .thread T_0;
    .scope S_0xfd4a10;
T_1 ;
    %wait E_0xfd3410;
    %load/v 8, v0xfe8110_0, 1;
    %jmp/0xz  T_1.0, 8;
    %set/v v0xfe81b0_0, 0, 8;
    %jmp T_1.1;
T_1.0 ;
    %load/v 8, v0xfe7f20_0, 1;
    %jmp/0xz  T_1.2, 8;
    %load/v 8, v0xfe7fc0_0, 8;
    %set/v v0xfe81b0_0, 8, 8;
T_1.2 ;
T_1.1 ;
    %jmp T_1;
    .thread T_1;
    .scope S_0xfd4920;
T_2 ;
    %set/v v0xfe8290_0, 0, 1;
    %end;
    .thread T_2;
    .scope S_0xfd4920;
T_3 ;
    %set/v v0xfe8330_0, 0, 1;
    %end;
    .thread T_3;
    .scope S_0xfd4920;
T_4 ;
    %set/v v0xfe8570_0, 0, 1;
    %end;
    .thread T_4;
    .scope S_0xfd4920;
T_5 ;
    %set/v v0xfe83e0_0, 0, 8;
    %end;
    .thread T_5;
    .scope S_0xfd4920;
T_6 ;
    %vpi_call 2 27 "$monitor", "clk=%b,reset=%b,en=%b,in=%b,out=%b", v0xfe8290_0, v0xfe8570_0, v0xfe8330_0, v0xfe83e0_0, v0xfe8490_0;
    %vpi_call 2 28 "$dumpfile", "a.dump";
    %vpi_call 2 29 "$dumpvars";
    %delay 1, 0;
    %movi 8, 10, 8;
    %set/v v0xfe83e0_0, 8, 8;
    %set/v v0xfe8330_0, 1, 1;
    %set/v v0xfe8290_0, 1, 1;
    %delay 1, 0;
    %set/v v0xfe83e0_0, 0, 8;
    %set/v v0xfe8330_0, 0, 1;
    %set/v v0xfe8290_0, 0, 1;
    %delay 1, 0;
    %load/v 8, v0xfe8490_0, 8;
    %mov 16, 0, 1;
    %cmpi/u 8, 10, 9;
    %inv 4, 1;
    %jmp/0xz  T_6.0, 4;
    %vpi_call 2 32 "$error", "Failed Load";
    %jmp T_6.1;
T_6.0 ;
    %vpi_call 2 33 "$display", "Successful Load";
T_6.1 ;
    %delay 1, 0;
    %set/v v0xfe8570_0, 1, 1;
    %delay 1, 0;
    %load/v 8, v0xfe8490_0, 8;
    %mov 16, 0, 1;
    %cmpi/u 8, 0, 9;
    %inv 4, 1;
    %jmp/0xz  T_6.2, 4;
    %vpi_call 2 35 "$error", "Failed Reset";
    %jmp T_6.3;
T_6.2 ;
    %vpi_call 2 36 "$display", "Succsessful Reset";
T_6.3 ;
    %end;
    .thread T_6;
# The file index is used to find the file name in the following table.
:file_names 3;
    "N/A";
    "<interactive>";
    "register.v";
